0 info it worked if it ends with ok
1 verbose cli [ 'c:\\Program Files\\nodejs\\node.exe',
1 verbose cli   'c:\\Program Files\\nodejs\\node_modules\\npm\\bin\\npm-cli.js',
1 verbose cli   'install' ]
2 info using npm@2.7.4
3 info using node@v0.12.2
4 warn package.json Dependency 'bower' exists in both dependencies and devDependencies, using 'bower@^1.6.5' from dependencies
5 verbose install where, deps [ 'D:\\workspace\\work\\CD\\angular-seed',
5 verbose install   [ 'angular-ui-bootstrap',
5 verbose install     'bower',
5 verbose install     'express',
5 verbose install     'http-server',
5 verbose install     'jasmine-core',
5 verbose install     'karma',
5 verbose install     'karma-chrome-launcher',
5 verbose install     'karma-firefox-launcher',
5 verbose install     'karma-jasmine',
5 verbose install     'karma-junit-reporter',
5 verbose install     'protractor',
5 verbose install     'shelljs' ] ]
6 verbose install where, peers [ 'D:\\workspace\\work\\CD\\angular-seed', [] ]
7 info preinstall angular-seed@0.0.0
8 verbose already installed skipping http-server@^0.6.1 D:\workspace\work\CD\angular-seed
9 verbose already installed skipping jasmine-core@^2.3.4 D:\workspace\work\CD\angular-seed
10 verbose already installed skipping karma@~0.12 D:\workspace\work\CD\angular-seed
11 verbose already installed skipping karma-chrome-launcher@^0.1.12 D:\workspace\work\CD\angular-seed
12 verbose already installed skipping karma-firefox-launcher@^0.1.6 D:\workspace\work\CD\angular-seed
13 verbose already installed skipping karma-jasmine@^0.3.5 D:\workspace\work\CD\angular-seed
14 verbose already installed skipping karma-junit-reporter@^0.2.2 D:\workspace\work\CD\angular-seed
15 verbose already installed skipping protractor@^2.1.0 D:\workspace\work\CD\angular-seed
16 verbose already installed skipping shelljs@^0.2.6 D:\workspace\work\CD\angular-seed
17 verbose already installed skipping angular-ui-bootstrap@^0.14.3 D:\workspace\work\CD\angular-seed
18 verbose already installed skipping bower@^1.6.5 D:\workspace\work\CD\angular-seed
19 verbose already installed skipping express@^4.13.3 D:\workspace\work\CD\angular-seed
20 silly install resolved []
21 info build D:\workspace\work\CD\angular-seed
22 verbose linkStuff [ false, false, false, 'D:\\workspace\\work\\CD' ]
23 info linkStuff angular-seed@0.0.0
24 verbose linkBins angular-seed@0.0.0
25 verbose linkMans angular-seed@0.0.0
26 verbose rebuildBundles angular-seed@0.0.0
27 verbose rebuildBundles [ '.bin',
27 verbose rebuildBundles   'angular',
27 verbose rebuildBundles   'angular-ui-bootstrap',
27 verbose rebuildBundles   'bower',
27 verbose rebuildBundles   'express',
27 verbose rebuildBundles   'http-server',
27 verbose rebuildBundles   'jasmine-core',
27 verbose rebuildBundles   'karma',
27 verbose rebuildBundles   'karma-chrome-launcher',
27 verbose rebuildBundles   'karma-firefox-launcher',
27 verbose rebuildBundles   'karma-jasmine',
27 verbose rebuildBundles   'karma-junit-reporter',
27 verbose rebuildBundles   'protractor',
27 verbose rebuildBundles   'shelljs' ]
28 verbose rebuild bundle D:\workspace\work\CD\angular-seed\node_modules\angular
29 info build D:\workspace\work\CD\angular-seed\node_modules\angular
30 info preinstall angular@1.4.7
31 verbose linkStuff [ false,
31 verbose linkStuff   false,
31 verbose linkStuff   false,
31 verbose linkStuff   'D:\\workspace\\work\\CD\\angular-seed\\node_modules' ]
32 info linkStuff angular@1.4.7
33 verbose linkBins angular@1.4.7
34 verbose linkMans angular@1.4.7
35 verbose rebuildBundles angular@1.4.7
36 info install angular@1.4.7
37 info postinstall angular@1.4.7
38 info install angular-seed@0.0.0
39 info postinstall angular-seed@0.0.0
40 verbose unsafe-perm in lifecycle true
41 info angular-seed@0.0.0 Failed to exec postinstall script
42 verbose stack Error: angular-seed@0.0.0 postinstall: `./node_modules/bower/bin/bower install`
42 verbose stack Exit status 1
42 verbose stack     at EventEmitter.<anonymous> (c:\Program Files\nodejs\node_modules\npm\lib\utils\lifecycle.js:213:16)
42 verbose stack     at EventEmitter.emit (events.js:110:17)
42 verbose stack     at ChildProcess.<anonymous> (c:\Program Files\nodejs\node_modules\npm\lib\utils\spawn.js:14:12)
42 verbose stack     at ChildProcess.emit (events.js:110:17)
42 verbose stack     at maybeClose (child_process.js:1015:16)
42 verbose stack     at Process.ChildProcess._handle.onexit (child_process.js:1087:5)
43 verbose pkgid angular-seed@0.0.0
44 verbose cwd D:\workspace\work\CD\angular-seed
45 error Windows_NT 6.1.7601
46 error argv "c:\\Program Files\\nodejs\\node.exe" "c:\\Program Files\\nodejs\\node_modules\\npm\\bin\\npm-cli.js" "install"
47 error node v0.12.2
48 error npm  v2.7.4
49 error code ELIFECYCLE
50 error angular-seed@0.0.0 postinstall: `./node_modules/bower/bin/bower install`
50 error Exit status 1
51 error Failed at the angular-seed@0.0.0 postinstall script './node_modules/bower/bin/bower install'.
51 error This is most likely a problem with the angular-seed package,
51 error not with npm itself.
51 error Tell the author that this fails on your system:
51 error     ./node_modules/bower/bin/bower install
51 error You can get their info via:
51 error     npm owner ls angular-seed
51 error There is likely additional logging output above.
52 verbose exit [ 1, true ]
